<?xml version="1.0" encoding="UTF-8"?>
<!-- Generated by org.testng.reporters.JUnitReportReporter -->
<testsuite hostname="DESKTOP-SEKDPB4" failures="0" tests="3" name="tempTestPack.TestNGClass" time="0.009" errors="0" timestamp="2022-09-06T20:10:32 IST" skipped="0">
  <testcase classname="tempTestPack.TestNGClass" name="test123" time="0.007"/>
  <system-out/>
  <testcase classname="tempTestPack.TestNGClass" name="test678" time="0.001"/>
  <system-out/>
  <testcase classname="tempTestPack.TestNGClass" name="test456" time="0.001"/>
  <system-out/>
</testsuite> <!-- tempTestPack.TestNGClass -->
