<?xml version="1.0" encoding="UTF-8"?>
<!-- Generated by org.testng.reporters.JUnitReportReporter -->
<testsuite hostname="DESKTOP-SEKDPB4" failures="0" tests="3" name="tempTestPack.TestClass2" time="0.018" errors="0" timestamp="2022-09-13T20:05:56 IST" skipped="0">
  <testcase classname="tempTestPack.TestClass2" name="testB" time="0.001"/>
  <system-out/>
  <testcase classname="tempTestPack.TestClass2" name="testC" time="0.001"/>
  <system-out/>
  <testcase classname="tempTestPack.TestClass2" name="testA" time="0.016"/>
  <system-out/>
</testsuite> <!-- tempTestPack.TestClass2 -->
