<?xml version="1.0" encoding="UTF-8"?>
<!-- Generated by org.testng.reporters.JUnitReportReporter -->
<testsuite hostname="DESKTOP-SEKDPB4" failures="0" tests="3" name="tempTestPack.TestClass1" time="0.005" errors="0" timestamp="2022-09-13T20:05:56 IST" skipped="0">
  <testcase classname="tempTestPack.TestClass1" name="test1" time="0.003"/>
  <system-out/>
  <testcase classname="tempTestPack.TestClass1" name="test3" time="0.001"/>
  <system-out/>
  <testcase classname="tempTestPack.TestClass1" name="test2" time="0.001"/>
  <system-out/>
</testsuite> <!-- tempTestPack.TestClass1 -->
